
  x x x . . . . . . 
  x . . . . . . . . 
  x . . . . . . . . 
  . . . . . . . . . 
  . . . . . . . . . 
  . . . . . . . . . 
  . . . . . . . . . 
  . . . . . . . . . 
  . . . . . . . . . 
first: 262663
second: 0


  x x x . . . . . . 
  . . x . . . . . . 
  . . x . . . . . . 
  . . . . . . . . . 
  . . . . . . . . . 
  . . . . . . . . . 
  . . . . . . . . . 
  . . . . . . . . . 
  . . . . . . . . . 
first: 1050631
second: 0


  x . . . . . . . . 
  x . . . . . . . . 
  x x x . . . . . . 
  . . . . . . . . . 
  . . . . . . . . . 
  . . . . . . . . . 
  . . . . . . . . . 
  . . . . . . . . . 
  . . . . . . . . . 
first: 1835521
second: 0


  . . x . . . . . . 
  . . x . . . . . . 
  x x x . . . . . . 
  . . . . . . . . . 
  . . . . . . . . . 
  . . . . . . . . . 
  . . . . . . . . . 
  . . . . . . . . . 
  . . . . . . . . . 
first: 1837060
second: 0


  . . . . . . . . . 
  x x x . . . . . . 
  x . . . . . . . . 
  x . . . . . . . . 
  . . . . . . . . . 
  . . . . . . . . . 
  . . . . . . . . . 
  . . . . . . . . . 
  . . . . . . . . . 
first: 134483456
second: 0


  . . . . . . . . . 
  x x x . . . . . . 
  . . x . . . . . . 
  . . x . . . . . . 
  . . . . . . . . . 
  . . . . . . . . . 
  . . . . . . . . . 
  . . . . . . . . . 
  . . . . . . . . . 
first: 537923072
second: 0


  . . . . . . . . . 
  x . . . . . . . . 
  x . . . . . . . . 
  x x x . . . . . . 
  . . . . . . . . . 
  . . . . . . . . . 
  . . . . . . . . . 
  . . . . . . . . . 
  . . . . . . . . . 
first: 939786752
second: 0


  . . . . . . . . . 
  . . x . . . . . . 
  . . x . . . . . . 
  x x x . . . . . . 
  . . . . . . . . . 
  . . . . . . . . . 
  . . . . . . . . . 
  . . . . . . . . . 
  . . . . . . . . . 
first: 940574720
second: 0


  . . . . . . . . . 
  . . . . . . . . . 
  x x x . . . . . . 
  x . . . . . . . . 
  x . . . . . . . . 
  . . . . . . . . . 
  . . . . . . . . . 
  . . . . . . . . . 
  . . . . . . . . . 
first: 68855529472
second: 0


  . . . . . . . . . 
  . . . . . . . . . 
  x x x . . . . . . 
  . . x . . . . . . 
  . . x . . . . . . 
  . . . . . . . . . 
  . . . . . . . . . 
  . . . . . . . . . 
  . . . . . . . . . 
first: 275416612864
second: 0


  . . . . . . . . . 
  . . . . . . . . . 
  x . . . . . . . . 
  x . . . . . . . . 
  x x x . . . . . . 
  . . . . . . . . . 
  . . . . . . . . . 
  . . . . . . . . . 
  . . . . . . . . . 
first: 481170817024
second: 0


  . . . . . . . . . 
  . . . . . . . . . 
  . . x . . . . . . 
  . . x . . . . . . 
  x x x . . . . . . 
  . . . . . . . . . 
  . . . . . . . . . 
  . . . . . . . . . 
  . . . . . . . . . 
first: 481574256640
second: 0


  . . . . . . . . . 
  . . . . . . . . . 
  . . . . . . . . . 
  x x x . . . . . . 
  x . . . . . . . . 
  x . . . . . . . . 
  . . . . . . . . . 
  . . . . . . . . . 
  . . . . . . . . . 
first: 35254031089664
second: 0


  . . . . . . . . . 
  . . . . . . . . . 
  . . . . . . . . . 
  x x x . . . . . . 
  . . x . . . . . . 
  . . x . . . . . . 
  . . . . . . . . . 
  . . . . . . . . . 
  . . . . . . . . . 
first: 141013305786368
second: 0


  . . . . . . . . . 
  . . . . . . . . . 
  . . . . . . . . . 
  x . . . . . . . . 
  x . . . . . . . . 
  x x x . . . . . . 
  . . . . . . . . . 
  . . . . . . . . . 
  . . . . . . . . . 
first: 246359458316288
second: 0


  . . . . . . . . . 
  . . . . . . . . . 
  . . . . . . . . . 
  . . x . . . . . . 
  . . x . . . . . . 
  x x x . . . . . . 
  . . . . . . . . . 
  . . . . . . . . . 
  . . . . . . . . . 
first: 246566019399680
second: 0


  . . . . . . . . . 
  . . . . . . . . . 
  . . . . . . . . . 
  . . . . . . . . . 
  x x x . . . . . . 
  x . . . . . . . . 
  x . . . . . . . . 
  . . . . . . . . . 
  . . . . . . . . . 
first: 18050063917907968
second: 0


  . . . . . . . . . 
  . . . . . . . . . 
  . . . . . . . . . 
  . . . . . . . . . 
  x x x . . . . . . 
  . . x . . . . . . 
  . . x . . . . . . 
  . . . . . . . . . 
  . . . . . . . . . 
first: 72198812562620416
second: 0


  . . . . . . . . . 
  . . . . . . . . . 
  . . . . . . . . . 
  . . . . . . . . . 
  x . . . . . . . . 
  x . . . . . . . . 
  x x x . . . . . . 
  . . . . . . . . . 
  . . . . . . . . . 
first: 126136042657939456
second: 0


  . . . . . . . . . 
  . . . . . . . . . 
  . . . . . . . . . 
  . . . . . . . . . 
  . . x . . . . . . 
  . . x . . . . . . 
  x x x . . . . . . 
  . . . . . . . . . 
  . . . . . . . . . 
first: 126241801932636160
second: 0


  . . . . . . . . . 
  . . . . . . . . . 
  . . . . . . . . . 
  . . . . . . . . . 
  . . . . . . . . . 
  x x x . . . . . . 
  x . . . . . . . . 
  x . . . . . . . . 
  . . . . . . . . . 
first: 9241632725968879616
second: 0


  . . . . . . . . . 
  . . . . . . . . . 
  . . . . . . . . . 
  . . . . . . . . . 
  . . . . . . . . . 
  x x x . . . . . . 
  . . x . . . . . . 
  . . x . . . . . . 
  . . . . . . . . . 
first: 72303884642549760
second: 2


  . . . . . . . . . 
  . . . . . . . . . 
  . . . . . . . . . 
  . . . . . . . . . 
  . . . . . . . . . 
  x . . . . . . . . 
  x . . . . . . . . 
  x x x . . . . . . 
  . . . . . . . . . 
first: 9241421619736346624
second: 3


  . . . . . . . . . 
  . . . . . . . . . 
  . . . . . . . . . 
  . . . . . . . . . 
  . . . . . . . . . 
  . . x . . . . . . 
  . . x . . . . . . 
  x x x . . . . . . 
  . . . . . . . . . 
first: 9295570368381059072
second: 3


  . . . . . . . . . 
  . . . . . . . . . 
  . . . . . . . . . 
  . . . . . . . . . 
  . . . . . . . . . 
  . . . . . . . . . 
  x x x . . . . . . 
  x x x . . . . . . 
  x . . . . . . . . 
first: 9349472826421149696
second: 259


  . . . . . . . . . 
  . . . . . . . . . 
  . . . . . . . . . 
  . . . . . . . . . 
  . . . . . . . . . 
  . . . . . . . . . 
  x x x . . . . . . 
  . x x . . . . . . 
  x . x . . . . . . 
first: 126100789566373888
second: 1283


  . . . . . . . . . 
  . . . . . . . . . 
  . . . . . . . . . 
  . . . . . . . . . 
  . . . . . . . . . 
  . . . . . . . . . 
  x . . . . . . . . 
  x x x . . . . . . 
  x x x . . . . . . 
first: 9241386435364257792
second: 1795


  . . . . . . . . . 
  . . . . . . . . . 
  . . . . . . . . . 
  . . . . . . . . . 
  . . . . . . . . . 
  . . . . . . . . . 
  . . x . . . . . . 
  . x x . . . . . . 
  x x x . . . . . . 
first: 72057594037927936
second: 1795


  . x x x . . . . . 
  . x . . . . . . . 
  . x . . . . . . . 
  . . . . . . . . . 
  . . . . . . . . . 
  . . . . . . . . . 
  . . . . . . . . . 
  . x x . . . . . . 
  x x x . . . . . . 
first: 525326
second: 1795


  . x x x . . . . . 
  . . . x . . . . . 
  . . . x . . . . . 
  . . . . . . . . . 
  . . . . . . . . . 
  . . . . . . . . . 
  . . . . . . . . . 
  . x x . . . . . . 
  x x x . . . . . . 
first: 2101262
second: 1795


  . x . . . . . . . 
  . x . . . . . . . 
  . x x x . . . . . 
  . . . . . . . . . 
  . . . . . . . . . 
  . . . . . . . . . 
  . . . . . . . . . 
  . x x . . . . . . 
  x x x . . . . . . 
first: 3671042
second: 1795


  . . . x . . . . . 
  . . . x . . . . . 
  . x x x . . . . . 
  . . . . . . . . . 
  . . . . . . . . . 
  . . . . . . . . . 
  . . . . . . . . . 
  . x x . . . . . . 
  x x x . . . . . . 
first: 3674120
second: 1795


  . . . . . . . . . 
  . x x x . . . . . 
  . x . . . . . . . 
  . x . . . . . . . 
  . . . . . . . . . 
  . . . . . . . . . 
  . . . . . . . . . 
  . x x . . . . . . 
  x x x . . . . . . 
first: 268966912
second: 1795


  . . . . . . . . . 
  . x x x . . . . . 
  . . . x . . . . . 
  . . . x . . . . . 
  . . . . . . . . . 
  . . . . . . . . . 
  . . . . . . . . . 
  . x x . . . . . . 
  x x x . . . . . . 
first: 1075846144
second: 1795


  . . . . . . . . . 
  . x . . . . . . . 
  . x . . . . . . . 
  . x x x . . . . . 
  . . . . . . . . . 
  . . . . . . . . . 
  . . . . . . . . . 
  . x x . . . . . . 
  x x x . . . . . . 
first: 1879573504
second: 1795


  . . . . . . . . . 
  . . . x . . . . . 
  . . . x . . . . . 
  . x x x . . . . . 
  . . . . . . . . . 
  . . . . . . . . . 
  . . . . . . . . . 
  . x x . . . . . . 
  x x x . . . . . . 
first: 1881149440
second: 1795


  . . . . . . . . . 
  . . . . . . . . . 
  . x x x . . . . . 
  . x . . . . . . . 
  . x . . . . . . . 
  . . . . . . . . . 
  . . . . . . . . . 
  . x x . . . . . . 
  x x x . . . . . . 
first: 137711058944
second: 1795


  . . . . . . . . . 
  . . . . . . . . . 
  . x x x . . . . . 
  . . . x . . . . . 
  . . . x . . . . . 
  . . . . . . . . . 
  . . . . . . . . . 
  . x x . . . . . . 
  x x x . . . . . . 
first: 550833225728
second: 1795


  . . . . . . . . . 
  . . . . . . . . . 
  . x . . . . . . . 
  . x . . . . . . . 
  . x x x . . . . . 
  . . . . . . . . . 
  . . . . . . . . . 
  . x x . . . . . . 
  x x x . . . . . . 
first: 962341634048
second: 1795


  . . . . . . . . . 
  . . . . . . . . . 
  . . . x . . . . . 
  . . . x . . . . . 
  . x x x . . . . . 
  . . . . . . . . . 
  . . . . . . . . . 
  . x x . . . . . . 
  x x x . . . . . . 
first: 963148513280
second: 1795


  . . . . . . . . . 
  . . . . . . . . . 
  . . . . . . . . . 
  . x x x . . . . . 
  . x . . . . . . . 
  . x . . . . . . . 
  . . . . . . . . . 
  . x x . . . . . . 
  x x x . . . . . . 
first: 70508062179328
second: 1795


  . . . . . . . . . 
  . . . . . . . . . 
  . . . . . . . . . 
  . x x x . . . . . 
  . . . x . . . . . 
  . . . x . . . . . 
  . . . . . . . . . 
  . x x . . . . . . 
  x x x . . . . . . 
first: 282026611572736
second: 1795


  . . . . . . . . . 
  . . . . . . . . . 
  . . . . . . . . . 
  . x . . . . . . . 
  . x . . . . . . . 
  . x x x . . . . . 
  . . . . . . . . . 
  . x x . . . . . . 
  x x x . . . . . . 
first: 492718916632576
second: 1795


  . . . . . . . . . 
  . . . . . . . . . 
  . . . . . . . . . 
  . . . x . . . . . 
  . . . x . . . . . 
  . x x x . . . . . 
  . . . . . . . . . 
  . x x . . . . . . 
  x x x . . . . . . 
first: 493132038799360
second: 1795


  . . . . . . . . . 
  . . . . . . . . . 
  . . . . . . . . . 
  . . . . . . . . . 
  . x x x . . . . . 
  . x . . . . . . . 
  . x . . . . . . . 
  . x x . . . . . . 
  x x x . . . . . . 
first: 36100127835815936
second: 1795


  . . . . . . . . . 
  . . . . . . . . . 
  . . . . . . . . . 
  . . . . . . . . . 
  . x x x . . . . . 
  . . . x . . . . . 
  . . . x . . . . . 
  . x x . . . . . . 
  x x x . . . . . . 
first: 144397625125240832
second: 1795


  . . . . . . . . . 
  . . . . . . . . . 
  . . . . . . . . . 
  . . . . . . . . . 
  . x . . . . . . . 
  . x . . . . . . . 
  . x x x . . . . . 
  . x x . . . . . . 
  x x x . . . . . . 
first: 252272085315878912
second: 1795


  . . . . . . . . . 
  . . . . . . . . . 
  . . . . . . . . . 
  . . . . . . . . . 
  . . . x . . . . . 
  . . . x . . . . . 
  . x x x . . . . . 
  . x x . . . . . . 
  x x x . . . . . . 
first: 252483603865272320
second: 1795


  . . . . . . . . . 
  . . . . . . . . . 
  . . . . . . . . . 
  . . . . . . . . . 
  . . . . . . . . . 
  . x x x . . . . . 
  . x . . . . . . . 
  . x x . . . . . . 
  x x x . . . . . . 
first: 36521378228207616
second: 1795


  . . . . . . . . . 
  . . . . . . . . . 
  . . . . . . . . . 
  . . . . . . . . . 
  . . . . . . . . . 
  . x x x . . . . . 
  . . . x . . . . . 
  . x x x . . . . . 
  x x x . . . . . . 
first: 144607769285099520
second: 1799


  . . . . . . . . . 
  . . . . . . . . . 
  . . . . . . . . . 
  . . . . . . . . . 
  . . . . . . . . . 
  . x . . . . . . . 
  . x . . . . . . . 
  . x x x . . . . . 
  x x x . . . . . . 
first: 36099165763141632
second: 1799


  . . . . . . . . . 
  . . . . . . . . . 
  . . . . . . . . . 
  . . . . . . . . . 
  . . . . . . . . . 
  . . . x . . . . . 
  . . . x . . . . . 
  . x x x . . . . . 
  x x x . . . . . . 
first: 144396663052566528
second: 1799


  . . . . . . . . . 
  . . . . . . . . . 
  . . . . . . . . . 
  . . . . . . . . . 
  . . . . . . . . . 
  . . . . . . . . . 
  . x x x . . . . . 
  . x x x . . . . . 
  x x x . . . . . . 
first: 252201579132747776
second: 1799


  . . . . . . . . . 
  . . . . . . . . . 
  . . . . . . . . . 
  . . . . . . . . . 
  . . . . . . . . . 
  . . . . . . . . . 
  . x x x . . . . . 
  . x x x . . . . . 
  x x x x . . . . . 
first: 252201579132747776
second: 3847


  . . . . . . . . . 
  . . . . . . . . . 
  . . . . . . . . . 
  . . . . . . . . . 
  . . . . . . . . . 
  . . . . . . . . . 
  . x . . . . . . . 
  . x x x . . . . . 
  x x x x . . . . . 
first: 36028797018963968
second: 3847


  . . . . . . . . . 
  . . . . . . . . . 
  . . . . . . . . . 
  . . . . . . . . . 
  . . . . . . . . . 
  . . . . . . . . . 
  . . . x . . . . . 
  . x x x . . . . . 
  x x x x . . . . . 
first: 144115188075855872
second: 3847


  . . x x x . . . . 
  . . x . . . . . . 
  . . x . . . . . . 
  . . . . . . . . . 
  . . . . . . . . . 
  . . . . . . . . . 
  . . . . . . . . . 
  . x x x . . . . . 
  x x x x . . . . . 
first: 1050652
second: 3847


  . . x x x . . . . 
  . . . . x . . . . 
  . . . . x . . . . 
  . . . . . . . . . 
  . . . . . . . . . 
  . . . . . . . . . 
  . . . . . . . . . 
  . x x x . . . . . 
  x x x x . . . . . 
first: 4202524
second: 3847


  . . x . . . . . . 
  . . x . . . . . . 
  . . x x x . . . . 
  . . . . . . . . . 
  . . . . . . . . . 
  . . . . . . . . . 
  . . . . . . . . . 
  . x x x . . . . . 
  x x x x . . . . . 
first: 7342084
second: 3847


  . . . . x . . . . 
  . . . . x . . . . 
  . . x x x . . . . 
  . . . . . . . . . 
  . . . . . . . . . 
  . . . . . . . . . 
  . . . . . . . . . 
  . x x x . . . . . 
  x x x x . . . . . 
first: 7348240
second: 3847


  . . . . . . . . . 
  . . x x x . . . . 
  . . x . . . . . . 
  . . x . . . . . . 
  . . . . . . . . . 
  . . . . . . . . . 
  . . . . . . . . . 
  . x x x . . . . . 
  x x x x . . . . . 
first: 537933824
second: 3847


  . . . . . . . . . 
  . . x x x . . . . 
  . . . . x . . . . 
  . . . . x . . . . 
  . . . . . . . . . 
  . . . . . . . . . 
  . . . . . . . . . 
  . x x x . . . . . 
  x x x x . . . . . 
first: 2151692288
second: 3847


  . . . . . . . . . 
  . . x . . . . . . 
  . . x . . . . . . 
  . . x x x . . . . 
  . . . . . . . . . 
  . . . . . . . . . 
  . . . . . . . . . 
  . x x x . . . . . 
  x x x x . . . . . 
first: 3759147008
second: 3847


  . . . . . . . . . 
  . . . . x . . . . 
  . . . . x . . . . 
  . . x x x . . . . 
  . . . . . . . . . 
  . . . . . . . . . 
  . . . . . . . . . 
  . x x x . . . . . 
  x x x x . . . . . 
first: 3762298880
second: 3847


  . . . . . . . . . 
  . . . . . . . . . 
  . . x x x . . . . 
  . . x . . . . . . 
  . . x . . . . . . 
  . . . . . . . . . 
  . . . . . . . . . 
  . x x x . . . . . 
  x x x x . . . . . 
first: 275422117888
second: 3847


  . . . . . . . . . 
  . . . . . . . . . 
  . . x x x . . . . 
  . . . . x . . . . 
  . . . . x . . . . 
  . . . . . . . . . 
  . . . . . . . . . 
  . x x x . . . . . 
  x x x x . . . . . 
first: 1101666451456
second: 3847


  . . . . . . . . . 
  . . . . . . . . . 
  . . x . . . . . . 
  . . x . . . . . . 
  . . x x x . . . . 
  . . . . . . . . . 
  . . . . . . . . . 
  . x x x . . . . . 
  x x x x . . . . . 
first: 1924683268096
second: 3847


  . . . . . . . . . 
  . . . . . . . . . 
  . . . . x . . . . 
  . . . . x . . . . 
  . . x x x . . . . 
  . . . . . . . . . 
  . . . . . . . . . 
  . x x x . . . . . 
  x x x x . . . . . 
first: 1926297026560
second: 3847


  . . . . . . . . . 
  . . . . . . . . . 
  . . . . . . . . . 
  . . x x x . . . . 
  . . x . . . . . . 
  . . x . . . . . . 
  . . . . . . . . . 
  . x x x . . . . . 
  x x x x . . . . . 
first: 141016124358656
second: 3847


  . . . . . . . . . 
  . . . . . . . . . 
  . . . . . . . . . 
  . . x x x . . . . 
  . . . . x . . . . 
  . . . . x . . . . 
  . . . . . . . . . 
  . x x x . . . . . 
  x x x x . . . . . 
first: 564053223145472
second: 3847


  . . . . . . . . . 
  . . . . . . . . . 
  . . . . . . . . . 
  . . x . . . . . . 
  . . x . . . . . . 
  . . x x x . . . . 
  . . . . . . . . . 
  . x x x . . . . . 
  x x x x . . . . . 
first: 985437833265152
second: 3847


  . . . . . . . . . 
  . . . . . . . . . 
  . . . . . . . . . 
  . . . . x . . . . 
  . . . . x . . . . 
  . . x x x . . . . 
  . . . . . . . . . 
  . x x x . . . . . 
  x x x x . . . . . 
first: 986264077598720
second: 3847


  . . . . . . . . . 
  . . . . . . . . . 
  . . . . . . . . . 
  . . . . . . . . . 
  . . x x x . . . . 
  . . x . . . . . . 
  . . x . . . . . . 
  . x x x . . . . . 
  x x x x . . . . . 
first: 72200255671631872
second: 3847


  . . . . . . . . . 
  . . . . . . . . . 
  . . . . . . . . . 
  . . . . . . . . . 
  . . x x x . . . . 
  . . . . x . . . . 
  . . . . x . . . . 
  . x x x . . . . . 
  x x x x . . . . . 
first: 288795250250481664
second: 3847


  . . . . . . . . . 
  . . . . . . . . . 
  . . . . . . . . . 
  . . . . . . . . . 
  . . x . . . . . . 
  . . x . . . . . . 
  . . x x x . . . . 
  . x x x . . . . . 
  x x x x . . . . . 
first: 504544170631757824
second: 3847


  . . . . . . . . . 
  . . . . . . . . . 
  . . . . . . . . . 
  . . . . . . . . . 
  . . . . x . . . . 
  . . . . x . . . . 
  . . x x x . . . . 
  . x x x . . . . . 
  x x x x . . . . . 
first: 504967207730544640
second: 3847


  . . . . . . . . . 
  . . . . . . . . . 
  . . . . . . . . . 
  . . . . . . . . . 
  . . . . . . . . . 
  . . x x x . . . . 
  . . x . . . . . . 
  . x x x . . . . . 
  x x x x . . . . . 
first: 73042756456415232
second: 3847


  . . . . . . . . . 
  . . . . . . . . . 
  . . . . . . . . . 
  . . . . . . . . . 
  . . . . . . . . . 
  . . x x x . . . . 
  . . . . x . . . . 
  . x x x x . . . . 
  x x x x . . . . . 
first: 289215538570199040
second: 3855


  . . . . . . . . . 
  . . . . . . . . . 
  . . . . . . . . . 
  . . . . . . . . . 
  . . . . . . . . . 
  . . x . . . . . . 
  . . x . . . . . . 
  . x x x x . . . . 
  x x x x . . . . . 
first: 72198331526283264
second: 3855


  . . . . . . . . . 
  . . . . . . . . . 
  . . . . . . . . . 
  . . . . . . . . . 
  . . . . . . . . . 
  . . . . x . . . . 
  . . . . x . . . . 
  . x x x x . . . . 
  x x x x . . . . . 
first: 288793326105133056
second: 3855


  . . . . . . . . . 
  . . . . . . . . . 
  . . . . . . . . . 
  . . . . . . . . . 
  . . . . . . . . . 
  . . . . . . . . . 
  . . x x x . . . . 
  . x x x x . . . . 
  x x x x . . . . . 
first: 504403158265495552
second: 3855


  . . . . . . . . . 
  . . . . . . . . . 
  . . . . . . . . . 
  . . . . . . . . . 
  . . . . . . . . . 
  . . . . . . . . . 
  . . x x x . . . . 
  . x x x x . . . . 
  x x x x x . . . . 
first: 504403158265495552
second: 7951


  . . . . . . . . . 
  . . . . . . . . . 
  . . . . . . . . . 
  . . . . . . . . . 
  . . . . . . . . . 
  . . . . . . . . . 
  . . x . . . . . . 
  . x x x x . . . . 
  x x x x x . . . . 
first: 72057594037927936
second: 7951


  . . . . . . . . . 
  . . . . . . . . . 
  . . . . . . . . . 
  . . . . . . . . . 
  . . . . . . . . . 
  . . . . . . . . . 
  . . . . x . . . . 
  . x x x x . . . . 
  x x x x x . . . . 
first: 288230376151711744
second: 7951


  . . . x x x . . . 
  . . . x . . . . . 
  . . . x . . . . . 
  . . . . . . . . . 
  . . . . . . . . . 
  . . . . . . . . . 
  . . . . . . . . . 
  . x x x x . . . . 
  x x x x x . . . . 
first: 2101304
second: 7951


  . . . x x x . . . 
  . . . . . x . . . 
  . . . . . x . . . 
  . . . . . . . . . 
  . . . . . . . . . 
  . . . . . . . . . 
  . . . . . . . . . 
  . x x x x . . . . 
  x x x x x . . . . 
first: 8405048
second: 7951


  . . . x . . . . . 
  . . . x . . . . . 
  . . . x x x . . . 
  . . . . . . . . . 
  . . . . . . . . . 
  . . . . . . . . . 
  . . . . . . . . . 
  . x x x x . . . . 
  x x x x x . . . . 
first: 14684168
second: 7951


  . . . . . x . . . 
  . . . . . x . . . 
  . . . x x x . . . 
  . . . . . . . . . 
  . . . . . . . . . 
  . . . . . . . . . 
  . . . . . . . . . 
  . x x x x . . . . 
  x x x x x . . . . 
first: 14696480
second: 7951


  . . . . . . . . . 
  . . . x x x . . . 
  . . . x . . . . . 
  . . . x . . . . . 
  . . . . . . . . . 
  . . . . . . . . . 
  . . . . . . . . . 
  . x x x x . . . . 
  x x x x x . . . . 
first: 1075867648
second: 7951


  . . . . . . . . . 
  . . . x x x . . . 
  . . . . . x . . . 
  . . . . . x . . . 
  . . . . . . . . . 
  . . . . . . . . . 
  . . . . . . . . . 
  . x x x x . . . . 
  x x x x x . . . . 
first: 4303384576
second: 7951


  . . . . . . . . . 
  . . . x . . . . . 
  . . . x . . . . . 
  . . . x x x . . . 
  . . . . . . . . . 
  . . . . . . . . . 
  . . . . . . . . . 
  . x x x x . . . . 
  x x x x x . . . . 
first: 7518294016
second: 7951


  . . . . . . . . . 
  . . . . . x . . . 
  . . . . . x . . . 
  . . . x x x . . . 
  . . . . . . . . . 
  . . . . . . . . . 
  . . . . . . . . . 
  . x x x x . . . . 
  x x x x x . . . . 
first: 7524597760
second: 7951


  . . . . . . . . . 
  . . . . . . . . . 
  . . . x x x . . . 
  . . . x . . . . . 
  . . . x . . . . . 
  . . . . . . . . . 
  . . . . . . . . . 
  . x x x x . . . . 
  x x x x x . . . . 
first: 550844235776
second: 7951


  . . . . . . . . . 
  . . . . . . . . . 
  . . . x x x . . . 
  . . . . . x . . . 
  . . . . . x . . . 
  . . . . . . . . . 
  . . . . . . . . . 
  . x x x x . . . . 
  x x x x x . . . . 
first: 2203332902912
second: 7951


  . . . . . . . . . 
  . . . . . . . . . 
  . . . x . . . . . 
  . . . x . . . . . 
  . . . x x x . . . 
  . . . . . . . . . 
  . . . . . . . . . 
  . x x x x . . . . 
  x x x x x . . . . 
first: 3849366536192
second: 7951


  . . . . . . . . . 
  . . . . . . . . . 
  . . . . . x . . . 
  . . . . . x . . . 
  . . . x x x . . . 
  . . . . . . . . . 
  . . . . . . . . . 
  . x x x x . . . . 
  x x x x x . . . . 
first: 3852594053120
second: 7951


  . . . . . . . . . 
  . . . . . . . . . 
  . . . . . . . . . 
  . . . x x x . . . 
  . . . x . . . . . 
  . . . x . . . . . 
  . . . . . . . . . 
  . x x x x . . . . 
  x x x x x . . . . 
first: 282032248717312
second: 7951


  . . . . . . . . . 
  . . . . . . . . . 
  . . . . . . . . . 
  . . . x x x . . . 
  . . . . . x . . . 
  . . . . . x . . . 
  . . . . . . . . . 
  . x x x x . . . . 
  x x x x x . . . . 
first: 1128106446290944
second: 7951


  . . . . . . . . . 
  . . . . . . . . . 
  . . . . . . . . . 
  . . . x . . . . . 
  . . . x . . . . . 
  . . . x x x . . . 
  . . . . . . . . . 
  . x x x x . . . . 
  x x x x x . . . . 
first: 1970875666530304
second: 7951


  . . . . . . . . . 
  . . . . . . . . . 
  . . . . . . . . . 
  . . . . . x . . . 
  . . . . . x . . . 
  . . . x x x . . . 
  . . . . . . . . . 
  . x x x x . . . . 
  x x x x x . . . . 
first: 1972528155197440
second: 7951


  . . . . . . . . . 
  . . . . . . . . . 
  . . . . . . . . . 
  . . . . . . . . . 
  . . . x x x . . . 
  . . . x . . . . . 
  . . . x . . . . . 
  . x x x x . . . . 
  x x x x x . . . . 
first: 144400511343263744
second: 7951


  . . . . . . . . . 
  . . . . . . . . . 
  . . . . . . . . . 
  . . . . . . . . . 
  . . . x x x . . . 
  . . . . . x . . . 
  . . . . . x . . . 
  . x x x x . . . . 
  x x x x x . . . . 
first: 577590500500963328
second: 7951


  . . . . . . . . . 
  . . . . . . . . . 
  . . . . . . . . . 
  . . . . . . . . . 
  . . . x . . . . . 
  . . . x . . . . . 
  . . . x x x . . . 
  . x x x x . . . . 
  x x x x x . . . . 
first: 1009088341263515648
second: 7951


  . . . . . . . . . 
  . . . . . . . . . 
  . . . . . . . . . 
  . . . . . . . . . 
  . . . . . x . . . 
  . . . . . x . . . 
  . . . x x x . . . 
  . x x x x . . . . 
  x x x x x . . . . 
first: 1009934415461089280
second: 7951


  . . . . . . . . . 
  . . . . . . . . . 
  . . . . . . . . . 
  . . . . . . . . . 
  . . . . . . . . . 
  . . . x x x . . . 
  . . . x . . . . . 
  . x x x x . . . . 
  x x x x x . . . . 
first: 146085512912830464
second: 7951


  . . . . . . . . . 
  . . . . . . . . . 
  . . . . . . . . . 
  . . . . . . . . . 
  . . . . . . . . . 
  . . . x x x . . . 
  . . . . . x . . . 
  . x x x x x . . . 
  x x x x x . . . . 
first: 578431077140398080
second: 7967


  . . . . . . . . . 
  . . . . . . . . . 
  . . . . . . . . . 
  . . . . . . . . . 
  . . . . . . . . . 
  . . . x . . . . . 
  . . . x . . . . . 
  . x x x x x . . . 
  x x x x x . . . . 
first: 144396663052566528
second: 7967


  . . . . . . . . . 
  . . . . . . . . . 
  . . . . . . . . . 
  . . . . . . . . . 
  . . . . . . . . . 
  . . . . . x . . . 
  . . . . . x . . . 
  . x x x x x . . . 
  x x x x x . . . . 
first: 577586652210266112
second: 7967


  . . . . . . . . . 
  . . . . . . . . . 
  . . . . . . . . . 
  . . . . . . . . . 
  . . . . . . . . . 
  . . . . . . . . . 
  . . . x x x . . . 
  . x x x x x . . . 
  x x x x x . . . . 
first: 1008806316530991104
second: 7967


  . . . . . . . . . 
  . . . . . . . . . 
  . . . . . . . . . 
  . . . . . . . . . 
  . . . . . . . . . 
  . . . . . . . . . 
  . . . x x x . . . 
  . x x x x x . . . 
  x x x x x x . . . 
first: 1008806316530991104
second: 16159


  . . . . . . . . . 
  . . . . . . . . . 
  . . . . . . . . . 
  . . . . . . . . . 
  . . . . . . . . . 
  . . . . . . . . . 
  . . . x . . . . . 
  . x x x x x . . . 
  x x x x x x . . . 
first: 144115188075855872
second: 16159


  . . . . . . . . . 
  . . . . . . . . . 
  . . . . . . . . . 
  . . . . . . . . . 
  . . . . . . . . . 
  . . . . . . . . . 
  . . . . . x . . . 
  . x x x x x . . . 
  x x x x x x . . . 
first: 576460752303423488
second: 16159


  . . . . x x x . . 
  . . . . x . . . . 
  . . . . x . . . . 
  . . . . . . . . . 
  . . . . . . . . . 
  . . . . . . . . . 
  . . . . . . . . . 
  . x x x x x . . . 
  x x x x x x . . . 
first: 4202608
second: 16159


  . . . . x x x . . 
  . . . . . . x . . 
  . . . . . . x . . 
  . . . . . . . . . 
  . . . . . . . . . 
  . . . . . . . . . 
  . . . . . . . . . 
  . x x x x x . . . 
  x x x x x x . . . 
first: 16810096
second: 16159


  . . . . x . . . . 
  . . . . x . . . . 
  . . . . x x x . . 
  . . . . . . . . . 
  . . . . . . . . . 
  . . . . . . . . . 
  . . . . . . . . . 
  . x x x x x . . . 
  x x x x x x . . . 
first: 29368336
second: 16159


  . . . . . . x . . 
  . . . . . . x . . 
  . . . . x x x . . 
  . . . . . . . . . 
  . . . . . . . . . 
  . . . . . . . . . 
  . . . . . . . . . 
  . x x x x x . . . 
  x x x x x x . . . 
first: 29392960
second: 16159


  . . . . . . . . . 
  . . . . x x x . . 
  . . . . x . . . . 
  . . . . x . . . . 
  . . . . . . . . . 
  . . . . . . . . . 
  . . . . . . . . . 
  . x x x x x . . . 
  x x x x x x . . . 
first: 2151735296
second: 16159


  . . . . . . . . . 
  . . . . x x x . . 
  . . . . . . x . . 
  . . . . . . x . . 
  . . . . . . . . . 
  . . . . . . . . . 
  . . . . . . . . . 
  . x x x x x . . . 
  x x x x x x . . . 
first: 8606769152
second: 16159


  . . . . . . . . . 
  . . . . x . . . . 
  . . . . x . . . . 
  . . . . x x x . . 
  . . . . . . . . . 
  . . . . . . . . . 
  . . . . . . . . . 
  . x x x x x . . . 
  x x x x x x . . . 
first: 15036588032
second: 16159


  . . . . . . . . . 
  . . . . . . x . . 
  . . . . . . x . . 
  . . . . x x x . . 
  . . . . . . . . . 
  . . . . . . . . . 
  . . . . . . . . . 
  . x x x x x . . . 
  x x x x x x . . . 
first: 15049195520
second: 16159


  . . . . . . . . . 
  . . . . . . . . . 
  . . . . x x x . . 
  . . . . x . . . . 
  . . . . x . . . . 
  . . . . . . . . . 
  . . . . . . . . . 
  . x x x x x . . . 
  x x x x x x . . . 
first: 1101688471552
second: 16159


  . . . . . . . . . 
  . . . . . . . . . 
  . . . . x x x . . 
  . . . . . . x . . 
  . . . . . . x . . 
  . . . . . . . . . 
  . . . . . . . . . 
  . x x x x x . . . 
  x x x x x x . . . 
first: 4406665805824
second: 16159


  . . . . . . . . . 
  . . . . . . . . . 
  . . . . x . . . . 
  . . . . x . . . . 
  . . . . x x x . . 
  . . . . . . . . . 
  . . . . . . . . . 
  . x x x x x . . . 
  x x x x x x . . . 
first: 7698733072384
second: 16159


  . . . . . . . . . 
  . . . . . . . . . 
  . . . . . . x . . 
  . . . . . . x . . 
  . . . . x x x . . 
  . . . . . . . . . 
  . . . . . . . . . 
  . x x x x x . . . 
  x x x x x x . . . 
first: 7705188106240
second: 16159


  . . . . . . . . . 
  . . . . . . . . . 
  . . . . . . . . . 
  . . . . x x x . . 
  . . . . x . . . . 
  . . . . x . . . . 
  . . . . . . . . . 
  . x x x x x . . . 
  x x x x x x . . . 
first: 564064497434624
second: 16159


  . . . . . . . . . 
  . . . . . . . . . 
  . . . . . . . . . 
  . . . . x x x . . 
  . . . . . . x . . 
  . . . . . . x . . 
  . . . . . . . . . 
  . x x x x x . . . 
  x x x x x x . . . 
first: 2256212892581888
second: 16159


  . . . . . . . . . 
  . . . . . . . . . 
  . . . . . . . . . 
  . . . . x . . . . 
  . . . . x . . . . 
  . . . . x x x . . 
  . . . . . . . . . 
  . x x x x x . . . 
  x x x x x x . . . 
first: 3941751333060608
second: 16159


  . . . . . . . . . 
  . . . . . . . . . 
  . . . . . . . . . 
  . . . . . . x . . 
  . . . . . . x . . 
  . . . . x x x . . 
  . . . . . . . . . 
  . x x x x x . . . 
  x x x x x x . . . 
first: 3945056310394880
second: 16159


  . . . . . . . . . 
  . . . . . . . . . 
  . . . . . . . . . 
  . . . . . . . . . 
  . . . . x x x . . 
  . . . . x . . . . 
  . . . . x . . . . 
  . x x x x x . . . 
  x x x x x x . . . 
first: 288801022686527488
second: 16159


  . . . . . . . . . 
  . . . . . . . . . 
  . . . . . . . . . 
  . . . . . . . . . 
  . . . . x x x . . 
  . . . . . . x . . 
  . . . . . . x . . 
  . x x x x x . . . 
  x x x x x x . . . 
first: 1155181001001926656
second: 16159


  . . . . . . . . . 
  . . . . . . . . . 
  . . . . . . . . . 
  . . . . . . . . . 
  . . . . x . . . . 
  . . . . x . . . . 
  . . . . x x x . . 
  . x x x x x . . . 
  x x x x x x . . . 
first: 2018176682527031296
second: 16159


  . . . . . . . . . 
  . . . . . . . . . 
  . . . . . . . . . 
  . . . . . . . . . 
  . . . . . . x . . 
  . . . . . . x . . 
  . . . . x x x . . 
  . x x x x x . . . 
  x x x x x x . . . 
first: 2019868830922178560
second: 16159


  . . . . . . . . . 
  . . . . . . . . . 
  . . . . . . . . . 
  . . . . . . . . . 
  . . . . . . . . . 
  . . . . x x x . . 
  . . . . x . . . . 
  . x x x x x . . . 
  x x x x x x . . . 
first: 292171025825660928
second: 16159


  . . . . . . . . . 
  . . . . . . . . . 
  . . . . . . . . . 
  . . . . . . . . . 
  . . . . . . . . . 
  . . . . x x x . . 
  . . . . . . x . . 
  . x x x x x x . . 
  x x x x x x . . . 
first: 1156862154280796160
second: 16191


  . . . . . . . . . 
  . . . . . . . . . 
  . . . . . . . . . 
  . . . . . . . . . 
  . . . . . . . . . 
  . . . . x . . . . 
  . . . . x . . . . 
  . x x x x x x . . 
  x x x x x x . . . 
first: 288793326105133056
second: 16191


  . . . . . . . . . 
  . . . . . . . . . 
  . . . . . . . . . 
  . . . . . . . . . 
  . . . . . . . . . 
  . . . . . . x . . 
  . . . . . . x . . 
  . x x x x x x . . 
  x x x x x x . . . 
first: 1155173304420532224
second: 16191


  . . . . . . . . . 
  . . . . . . . . . 
  . . . . . . . . . 
  . . . . . . . . . 
  . . . . . . . . . 
  . . . . . . . . . 
  . . . . x x x . . 
  . x x x x x x . . 
  x x x x x x . . . 
first: 2017612633061982208
second: 16191


  . . . . . . . . . 
  . . . . . . . . . 
  . . . . . . . . . 
  . . . . . . . . . 
  . . . . . . . . . 
  . . . . . . . . . 
  . . . . x x x . . 
  . x x x x x x . . 
  x x x x x x x . . 
first: 2017612633061982208
second: 32575


  . . . . . . . . . 
  . . . . . . . . . 
  . . . . . . . . . 
  . . . . . . . . . 
  . . . . . . . . . 
  . . . . . . . . . 
  . . . . x . . . . 
  . x x x x x x . . 
  x x x x x x x . . 
first: 288230376151711744
second: 32575


  . . . . . . . . . 
  . . . . . . . . . 
  . . . . . . . . . 
  . . . . . . . . . 
  . . . . . . . . . 
  . . . . . . . . . 
  . . . . . . x . . 
  . x x x x x x . . 
  x x x x x x x . . 
first: 1152921504606846976
second: 32575


  . . . . . x x x . 
  . . . . . x . . . 
  . . . . . x . . . 
  . . . . . . . . . 
  . . . . . . . . . 
  . . . . . . . . . 
  . . . . . . . . . 
  . x x x x x x . . 
  x x x x x x x . . 
first: 8405216
second: 32575


  . . . . . x x x . 
  . . . . . . . x . 
  . . . . . . . x . 
  . . . . . . . . . 
  . . . . . . . . . 
  . . . . . . . . . 
  . . . . . . . . . 
  . x x x x x x . . 
  x x x x x x x . . 
first: 33620192
second: 32575


  . . . . . x . . . 
  . . . . . x . . . 
  . . . . . x x x . 
  . . . . . . . . . 
  . . . . . . . . . 
  . . . . . . . . . 
  . . . . . . . . . 
  . x x x x x x . . 
  x x x x x x x . . 
first: 58736672
second: 32575


  . . . . . . . x . 
  . . . . . . . x . 
  . . . . . x x x . 
  . . . . . . . . . 
  . . . . . . . . . 
  . . . . . . . . . 
  . . . . . . . . . 
  . x x x x x x . . 
  x x x x x x x . . 
first: 58785920
second: 32575


  . . . . . . . . . 
  . . . . . x x x . 
  . . . . . x . . . 
  . . . . . x . . . 
  . . . . . . . . . 
  . . . . . . . . . 
  . . . . . . . . . 
  . x x x x x x . . 
  x x x x x x x . . 
first: 4303470592
second: 32575


  . . . . . . . . . 
  . . . . . x x x . 
  . . . . . . . x . 
  . . . . . . . x . 
  . . . . . . . . . 
  . . . . . . . . . 
  . . . . . . . . . 
  . x x x x x x . . 
  x x x x x x x . . 
first: 17213538304
second: 32575


  . . . . . . . . . 
  . . . . . x . . . 
  . . . . . x . . . 
  . . . . . x x x . 
  . . . . . . . . . 
  . . . . . . . . . 
  . . . . . . . . . 
  . x x x x x x . . 
  x x x x x x x . . 
first: 30073176064
second: 32575


  . . . . . . . . . 
  . . . . . . . x . 
  . . . . . . . x . 
  . . . . . x x x . 
  . . . . . . . . . 
  . . . . . . . . . 
  . . . . . . . . . 
  . x x x x x x . . 
  x x x x x x x . . 
first: 30098391040
second: 32575


  . . . . . . . . . 
  . . . . . . . . . 
  . . . . . x x x . 
  . . . . . x . . . 
  . . . . . x . . . 
  . . . . . . . . . 
  . . . . . . . . . 
  . x x x x x x . . 
  x x x x x x x . . 
first: 2203376943104
second: 32575


  . . . . . . . . . 
  . . . . . . . . . 
  . . . . . x x x . 
  . . . . . . . x . 
  . . . . . . . x . 
  . . . . . . . . . 
  . . . . . . . . . 
  . x x x x x x . . 
  x x x x x x x . . 
first: 8813331611648
second: 32575


  . . . . . . . . . 
  . . . . . . . . . 
  . . . . . x . . . 
  . . . . . x . . . 
  . . . . . x x x . 
  . . . . . . . . . 
  . . . . . . . . . 
  . x x x x x x . . 
  x x x x x x x . . 
first: 15397466144768
second: 32575


  . . . . . . . . . 
  . . . . . . . . . 
  . . . . . . . x . 
  . . . . . . . x . 
  . . . . . x x x . 
  . . . . . . . . . 
  . . . . . . . . . 
  . x x x x x x . . 
  x x x x x x x . . 
first: 15410376212480
second: 32575


  . . . . . . . . . 
  . . . . . . . . . 
  . . . . . . . . . 
  . . . . . x x x . 
  . . . . . x . . . 
  . . . . . x . . . 
  . . . . . . . . . 
  . x x x x x x . . 
  x x x x x x x . . 
first: 1128128994869248
second: 32575


  . . . . . . . . . 
  . . . . . . . . . 
  . . . . . . . . . 
  . . . . . x x x . 
  . . . . . . . x . 
  . . . . . . . x . 
  . . . . . . . . . 
  . x x x x x x . . 
  x x x x x x x . . 
first: 4512425785163776
second: 32575


  . . . . . . . . . 
  . . . . . . . . . 
  . . . . . . . . . 
  . . . . . x . . . 
  . . . . . x . . . 
  . . . . . x x x . 
  . . . . . . . . . 
  . x x x x x x . . 
  x x x x x x x . . 
first: 7883502666121216
second: 32575


  . . . . . . . . . 
  . . . . . . . . . 
  . . . . . . . . . 
  . . . . . . . x . 
  . . . . . . . x . 
  . . . . . x x x . 
  . . . . . . . . . 
  . x x x x x x . . 
  x x x x x x x . . 
first: 7890112620789760
second: 32575


  . . . . . . . . . 
  . . . . . . . . . 
  . . . . . . . . . 
  . . . . . . . . . 
  . . . . . x x x . 
  . . . . . x . . . 
  . . . . . x . . . 
  . x x x x x x . . 
  x x x x x x x . . 
first: 577602045373054976
second: 32575


  . . . . . . . . . 
  . . . . . . . . . 
  . . . . . . . . . 
  . . . . . . . . . 
  . . . . . x x x . 
  . . . . . . . x . 
  . . . . . . . x . 
  . x x x x x x . . 
  x x x x x x x . . 
first: 2310362002003853312
second: 32575


  . . . . . . . . . 
  . . . . . . . . . 
  . . . . . . . . . 
  . . . . . . . . . 
  . . . . . x . . . 
  . . . . . x . . . 
  . . . . . x x x . 
  . x x x x x x . . 
  x x x x x x x . . 
first: 4036353365054062592
second: 32575


  . . . . . . . . . 
  . . . . . . . . . 
  . . . . . . . . . 
  . . . . . . . . . 
  . . . . . . . x . 
  . . . . . . . x . 
  . . . . . x x x . 
  . x x x x x x . . 
  x x x x x x x . . 
first: 4039737661844357120
second: 32575


  . . . . . . . . . 
  . . . . . . . . . 
  . . . . . . . . . 
  . . . . . . . . . 
  . . . . . . . . . 
  . . . . . x x x . 
  . . . . . x . . . 
  . x x x x x x . . 
  x x x x x x x . . 
first: 584342051651321856
second: 32575


  . . . . . . . . . 
  . . . . . . . . . 
  . . . . . . . . . 
  . . . . . . . . . 
  . . . . . . . . . 
  . . . . . x x x . 
  . . . . . . . x . 
  . x x x x x x x . 
  x x x x x x x . . 
first: 2313724308561592320
second: 32639


  . . . . . . . . . 
  . . . . . . . . . 
  . . . . . . . . . 
  . . . . . . . . . 
  . . . . . . . . . 
  . . . . . x . . . 
  . . . . . x . . . 
  . x x x x x x x . 
  x x x x x x x . . 
first: 577586652210266112
second: 32639


  . . . . . . . . . 
  . . . . . . . . . 
  . . . . . . . . . 
  . . . . . . . . . 
  . . . . . . . . . 
  . . . . . . . x . 
  . . . . . . . x . 
  . x x x x x x x . 
  x x x x x x x . . 
first: 2310346608841064448
second: 32639


  . . . . . . . . . 
  . . . . . . . . . 
  . . . . . . . . . 
  . . . . . . . . . 
  . . . . . . . . . 
  . . . . . . . . . 
  . . . . . x x x . 
  . x x x x x x x . 
  x x x x x x x . . 
first: 4035225266123964416
second: 32639


  . . . . . . . . . 
  . . . . . . . . . 
  . . . . . . . . . 
  . . . . . . . . . 
  . . . . . . . . . 
  . . . . . . . . . 
  . . . . . x x x . 
  . x x x x x x x . 
  x x x x x x x x . 
first: 4035225266123964416
second: 65407


  . . . . . . . . . 
  . . . . . . . . . 
  . . . . . . . . . 
  . . . . . . . . . 
  . . . . . . . . . 
  . . . . . . . . . 
  . . . . . x . . . 
  . x x x x x x x . 
  x x x x x x x x . 
first: 576460752303423488
second: 65407


  . . . . . . . . . 
  . . . . . . . . . 
  . . . . . . . . . 
  . . . . . . . . . 
  . . . . . . . . . 
  . . . . . . . . . 
  . . . . . . . x . 
  . x x x x x x x . 
  x x x x x x x x . 
first: 2305843009213693952
second: 65407


  . . . . . . x x x 
  . . . . . . x . . 
  . . . . . . x . . 
  . . . . . . . . . 
  . . . . . . . . . 
  . . . . . . . . . 
  . . . . . . . . . 
  . x x x x x x x . 
  x x x x x x x x . 
first: 16810432
second: 65407


  . . . . . . x x x 
  . . . . . . . . x 
  . . . . . . . . x 
  . . . . . . . . . 
  . . . . . . . . . 
  . . . . . . . . . 
  . . . . . . . . . 
  . x x x x x x x . 
  x x x x x x x x . 
first: 67240384
second: 65407


  . . . . . . x . . 
  . . . . . . x . . 
  . . . . . . x x x 
  . . . . . . . . . 
  . . . . . . . . . 
  . . . . . . . . . 
  . . . . . . . . . 
  . x x x x x x x . 
  x x x x x x x x . 
first: 117473344
second: 65407


  . . . . . . . . x 
  . . . . . . . . x 
  . . . . . . x x x 
  . . . . . . . . . 
  . . . . . . . . . 
  . . . . . . . . . 
  . . . . . . . . . 
  . x x x x x x x . 
  x x x x x x x x . 
first: 117571840
second: 65407


  . . . . . . . . . 
  . . . . . . x x x 
  . . . . . . x . . 
  . . . . . . x . . 
  . . . . . . . . . 
  . . . . . . . . . 
  . . . . . . . . . 
  . x x x x x x x . 
  x x x x x x x x . 
first: 8606941184
second: 65407


  . . . . . . . . . 
  . . . . . . x x x 
  . . . . . . . . x 
  . . . . . . . . x 
  . . . . . . . . . 
  . . . . . . . . . 
  . . . . . . . . . 
  . x x x x x x x . 
  x x x x x x x x . 
first: 34427076608
second: 65407


  . . . . . . . . . 
  . . . . . . x . . 
  . . . . . . x . . 
  . . . . . . x x x 
  . . . . . . . . . 
  . . . . . . . . . 
  . . . . . . . . . 
  . x x x x x x x . 
  x x x x x x x x . 
first: 60146352128
second: 65407


  . . . . . . . . . 
  . . . . . . . . x 
  . . . . . . . . x 
  . . . . . . x x x 
  . . . . . . . . . 
  . . . . . . . . . 
  . . . . . . . . . 
  . x x x x x x x . 
  x x x x x x x x . 
first: 60196782080
second: 65407


  . . . . . . . . . 
  . . . . . . . . . 
  . . . . . . x x x 
  . . . . . . x . . 
  . . . . . . x . . 
  . . . . . . . . . 
  . . . . . . . . . 
  . x x x x x x x . 
  x x x x x x x x . 
first: 4406753886208
second: 65407


  . . . . . . . . . 
  . . . . . . . . . 
  . . . . . . x x x 
  . . . . . . . . x 
  . . . . . . . . x 
  . . . . . . . . . 
  . . . . . . . . . 
  . x x x x x x x . 
  x x x x x x x x . 
first: 17626663223296
second: 65407


  . . . . . . . . . 
  . . . . . . . . . 
  . . . . . . x . . 
  . . . . . . x . . 
  . . . . . . x x x 
  . . . . . . . . . 
  . . . . . . . . . 
  . x x x x x x x . 
  x x x x x x x x . 
first: 30794932289536
second: 65407


  . . . . . . . . . 
  . . . . . . . . . 
  . . . . . . . . x 
  . . . . . . . . x 
  . . . . . . x x x 
  . . . . . . . . . 
  . . . . . . . . . 
  . x x x x x x x . 
  x x x x x x x x . 
first: 30820752424960
second: 65407


  . . . . . . . . . 
  . . . . . . . . . 
  . . . . . . . . . 
  . . . . . . x x x 
  . . . . . . x . . 
  . . . . . . x . . 
  . . . . . . . . . 
  . x x x x x x x . 
  x x x x x x x x . 
first: 2256257989738496
second: 65407


  . . . . . . . . . 
  . . . . . . . . . 
  . . . . . . . . . 
  . . . . . . x x x 
  . . . . . . . . x 
  . . . . . . . . x 
  . . . . . . . . . 
  . x x x x x x x . 
  x x x x x x x x . 
first: 9024851570327552
second: 65407


  . . . . . . . . . 
  . . . . . . . . . 
  . . . . . . . . . 
  . . . . . . x . . 
  . . . . . . x . . 
  . . . . . . x x x 
  . . . . . . . . . 
  . x x x x x x x . 
  x x x x x x x x . 
first: 15767005332242432
second: 65407


  . . . . . . . . . 
  . . . . . . . . . 
  . . . . . . . . . 
  . . . . . . . . x 
  . . . . . . . . x 
  . . . . . . x x x 
  . . . . . . . . . 
  . x x x x x x x . 
  x x x x x x x x . 
first: 15780225241579520
second: 65407


  . . . . . . . . . 
  . . . . . . . . . 
  . . . . . . . . . 
  . . . . . . . . . 
  . . . . . . x x x 
  . . . . . . x . . 
  . . . . . . x . . 
  . x x x x x x x . 
  x x x x x x x x . 
first: 1155204090746109952
second: 65407


  . . . . . . . . . 
  . . . . . . . . . 
  . . . . . . . . . 
  . . . . . . . . . 
  . . . . . . x x x 
  . . . . . . . . x 
  . . . . . . . . x 
  . x x x x x x x . 
  x x x x x x x x . 
first: 4620724004007706624
second: 65407


  . . . . . . . . . 
  . . . . . . . . . 
  . . . . . . . . . 
  . . . . . . . . . 
  . . . . . . x . . 
  . . . . . . x . . 
  . . . . . . x x x 
  . x x x x x x x . 
  x x x x x x x x . 
first: 8072706730108125184
second: 65407


  . . . . . . . . . 
  . . . . . . . . . 
  . . . . . . . . . 
  . . . . . . . . . 
  . . . . . . . . x 
  . . . . . . . . x 
  . . . . . . x x x 
  . x x x x x x x . 
  x x x x x x x x . 
first: 8079475323688714240
second: 65407


  . . . . . . . . . 
  . . . . . . . . . 
  . . . . . . . . . 
  . . . . . . . . . 
  . . . . . . . . . 
  . . . . . . x x x 
  . . . . . . x . . 
  . x x x x x x x . 
  x x x x x x x x . 
first: 1168684103302643712
second: 65407


  . . . . . . . . . 
  . . . . . . . . . 
  . . . . . . . . . 
  . . . . . . . . . 
  . . . . . . . . . 
  . . . . . . x x x 
  . . . . . . . . x 
  . x x x x x x x x 
  x x x x x x x x . 
first: 4627448617123184640
second: 65535


  . . . . . . . . . 
  . . . . . . . . . 
  . . . . . . . . . 
  . . . . . . . . . 
  . . . . . . . . . 
  . . . . . . x . . 
  . . . . . . x . . 
  . x x x x x x x x 
  x x x x x x x x . 
first: 1155173304420532224
second: 65535


  . . . . . . . . . 
  . . . . . . . . . 
  . . . . . . . . . 
  . . . . . . . . . 
  . . . . . . . . . 
  . . . . . . . . x 
  . . . . . . . . x 
  . x x x x x x x x 
  x x x x x x x x . 
first: 4620693217682128896
second: 65535


  . . . . . . . . . 
  . . . . . . . . . 
  . . . . . . . . . 
  . . . . . . . . . 
  . . . . . . . . . 
  . . . . . . . . . 
  . . . . . . x x x 
  . x x x x x x x x 
  x x x x x x x x . 
first: 8070450532247928832
second: 65535


  . . . . . . . . . 
  . . . . . . . . . 
  . . . . . . . . . 
  . . . . . . . . . 
  . . . . . . . . . 
  . . . . . . . . . 
  . . . . . . x x x 
  . x x x x x x x x 
  x x x x x x x x x 
first: 8070450532247928832
second: 131071


  . . . . . . . . . 
  . . . . . . . . . 
  . . . . . . . . . 
  . . . . . . . . . 
  . . . . . . . . . 
  . . . . . . . . . 
  . . . . . . x . . 
  . x x x x x x x x 
  x x x x x x x x x 
first: 1152921504606846976
second: 131071


  . . . . . . . . . 
  . . . . . . . . . 
  . . . . . . . . . 
  . . . . . . . . . 
  . . . . . . . . . 
  . . . . . . . . . 
  . . . . . . . . x 
  . x x x x x x x x 
  x x x x x x x x x 
first: 4611686018427387904
second: 131071

